<?xml version="1.0" encoding="UTF-8"?>
<!-- Generated by org.testng.reporters.JUnitXMLReporter -->
<testsuite ignored="0" hostname="Sudha" failures="0" tests="5" name="Default test" time="15.844" errors="0" timestamp="2024-02-24T10:55:26 EST">
  <testcase classname="api.test.OrderTests" name="apiKey01" time="6.627"/>
  <testcase classname="api.test.OrderTests" name="testPostOrder02" time="1.898"/>
  <testcase classname="api.test.OrderTests" name="testGetOrderByOrderid03" time="2.245"/>
  <testcase classname="api.test.OrderTests" name="testUpdateOrderByOrderId04" time="2.231"/>
  <testcase classname="api.test.OrderTests" name="testDeleteOrderByOrderid05" time="2.776"/>
</testsuite> <!-- Default test -->
