<?xml version="1.0" encoding="UTF-8"?>
<!-- Generated by org.testng.reporters.JUnitXMLReporter -->
<testsuite ignored="0" hostname="Sudha" failures="0" tests="5" name="Default test" time="14.452" errors="0" timestamp="2024-02-14T19:51:57 EST">
  <testcase classname="api.test.OrderTests" name="apiKey01" time="6.246"/>
  <testcase classname="api.test.OrderTests" name="testPostOrder02" time="2.279"/>
  <testcase classname="api.test.OrderTests" name="testGetOrderByOrderid03" time="1.669"/>
  <testcase classname="api.test.OrderTests" name="testUpdateOrderByOrderId04" time="2.412"/>
  <testcase classname="api.test.OrderTests" name="testDeleteOrderByOrderid05" time="1.787"/>
</testsuite> <!-- Default test -->
